[2021-05-06 오전 8:58:54] YourPhone Kill
[2021-05-06 오전 8:58:58] iNervMCS Kill
[2021-05-06 오전 8:58:58] EasyFee Kill
[2021-05-06 오전 9:00:51] iNervMCS Kill
[2021-05-06 오전 9:00:51] EasyFee Kill
[2021-05-06 오전 9:13:00] iNervMCS Kill
[2021-05-06 오전 9:13:00] EasyFee Kill
[2021-05-06 오전 9:31:34] iNervMCS Kill
[2021-05-06 오전 9:31:34] EasyFee Kill
[2021-05-06 오전 9:34:06] iNervMCS Kill
[2021-05-06 오전 9:34:06] EasyFee Kill
[2021-05-06 오전 9:34:42] iNervMCS Kill
[2021-05-06 오전 9:34:42] EasyFee Kill
[2021-05-06 오전 9:37:27] iNervMCS Kill
[2021-05-06 오전 9:37:27] EasyFee Kill
[2021-05-06 오전 9:37:52] iNervMCS Kill
[2021-05-06 오전 9:37:52] EasyFee Kill
[2021-05-06 오전 9:38:46] iNervMCS Kill
[2021-05-06 오전 9:38:46] EasyFee Kill
[2021-05-06 오전 9:39:12] iNervMCS Kill
[2021-05-06 오전 9:39:12] EasyFee Kill
[2021-05-06 오전 9:41:47] iNervMCS Kill
[2021-05-06 오전 9:41:47] EasyFee Kill
[2021-05-06 오전 9:55:25] iNervMCS Kill
[2021-05-06 오전 9:55:26] EasyFee Kill
[2021-05-06 오전 9:55:42] iNervMCS Kill
[2021-05-06 오전 9:55:42] EasyFee Kill
[2021-05-06 오전 10:01:18] iNervMCS Kill
[2021-05-06 오전 10:01:18] EasyFee Kill
[2021-05-06 오전 10:06:06] iNervMCS Kill
[2021-05-06 오전 10:06:06] EasyFee Kill
[2021-05-06 오전 10:07:15] iNervMCS Kill
[2021-05-06 오전 10:07:15] EasyFee Kill
[2021-05-06 오전 10:30:56] iNervMCS Kill
[2021-05-06 오전 10:37:58] iNervMCS Kill
[2021-05-06 오전 10:39:07] iNervMCS Kill
[2021-05-06 오전 10:40:00] iNervMCS Kill
[2021-05-06 오전 10:41:04] iNervMCS Kill
[2021-05-06 오전 10:41:50] iNervMCS Kill
[2021-05-06 오전 11:16:36] iNervMCS Kill
[2021-05-06 오전 11:16:36] EasyFee Kill
[2021-05-06 오전 11:21:28] iNervMCS Kill
[2021-05-06 오전 11:23:34] iNervMCS Kill
[2021-05-06 오전 11:25:27] iNervMCS Kill
[2021-05-06 오전 11:25:27] EasyFee Kill
[2021-05-06 오전 11:26:32] iNervMCS Kill
[2021-05-06 오전 11:26:32] EasyFee Kill
[2021-05-06 오전 11:30:38] iNervMCS Kill
[2021-05-06 오전 11:30:38] EasyFee Kill
[2021-05-06 오전 11:31:00] iNervMCS Kill
[2021-05-06 오전 11:31:00] EasyFee Kill
[2021-05-06 오전 11:31:49] iNervMCS Kill
[2021-05-06 오전 11:32:04] iNervMCS Kill
[2021-05-06 오전 11:32:22] EasyFee Kill
[2021-05-06 오전 11:33:55] iNervMCS Kill
[2021-05-06 오전 11:37:49] iNervMCS Kill
[2021-05-06 오전 11:39:42] iNervMCS Kill
[2021-05-06 오전 11:39:58] iNervMCS Kill
[2021-05-06 오전 11:40:32] iNervMCS Kill
[2021-05-06 오전 11:40:54] iNervMCS Kill
[2021-05-06 오전 11:41:30] iNervMCS Kill
[2021-05-06 오전 11:42:05] iNervMCS Kill
[2021-05-06 오후 1:42:03] YourPhone Kill
[2021-05-06 오후 1:42:03] iNervMCS Kill
[2021-05-06 오후 1:48:56] iNervMCS Kill
[2021-05-06 오후 1:50:49] iNervMCS Kill
[2021-05-06 오후 1:50:51] EasyFee Kill
[2021-05-06 오후 1:51:08] iNervMCS Kill
[2021-05-06 오후 1:51:09] EasyFee Kill
[2021-05-06 오후 1:51:57] iNervMCS Kill
[2021-05-06 오후 1:51:59] EasyFee Kill
[2021-05-06 오후 1:52:28] iNervMCS Kill
[2021-05-06 오후 1:55:41] iNervMCS Kill
[2021-05-06 오후 1:56:07] iNervMCS Kill
[2021-05-06 오후 1:56:45] iNervMCS Kill
[2021-05-06 오후 1:56:56] iNervMCS Kill
[2021-05-06 오후 1:58:05] iNervMCS Kill
[2021-05-06 오후 2:01:01] iNervMCS Kill
[2021-05-06 오후 2:01:23] iNervMCS Kill
[2021-05-06 오후 2:01:24] EasyFee Kill
[2021-05-06 오후 2:01:52] iNervMCS Kill
[2021-05-06 오후 2:01:53] EasyFee Kill
[2021-05-06 오후 2:02:09] iNervMCS Kill
[2021-05-06 오후 2:02:10] EasyFee Kill
[2021-05-06 오후 2:02:23] iNervMCS Kill
[2021-05-06 오후 2:02:24] EasyFee Kill
[2021-05-06 오후 2:02:45] iNervMCS Kill
[2021-05-06 오후 2:02:46] EasyFee Kill
[2021-05-06 오후 2:03:57] iNervMCS Kill
[2021-05-06 오후 2:03:58] EasyFee Kill
[2021-05-06 오후 2:04:37] iNervMCS Kill
[2021-05-06 오후 2:04:37] EasyFee Kill
[2021-05-06 오후 2:10:53] iNervMCS Kill
[2021-05-06 오후 2:10:54] EasyFee Kill
[2021-05-06 오후 2:11:05] iNervMCS Kill
[2021-05-06 오후 2:11:05] EasyFee Kill
[2021-05-06 오후 2:12:19] iNervMCS Kill
[2021-05-06 오후 2:12:19] EasyFee Kill
[2021-05-06 오후 2:13:04] iNervMCS Kill
[2021-05-06 오후 2:13:06] EasyFee Kill
[2021-05-06 오후 2:13:30] iNervMCS Kill
[2021-05-06 오후 2:13:32] EasyFee Kill
[2021-05-06 오후 2:14:16] iNervMCS Kill
[2021-05-06 오후 2:14:17] EasyFee Kill
[2021-05-06 오후 2:14:31] iNervMCS Kill
[2021-05-06 오후 2:14:32] EasyFee Kill
[2021-05-06 오후 2:14:47] iNervMCS Kill
[2021-05-06 오후 2:14:48] EasyFee Kill
[2021-05-06 오후 2:15:31] iNervMCS Kill
[2021-05-06 오후 2:15:48] iNervMCS Kill
[2021-05-06 오후 2:19:12] iNervMCS Kill
[2021-05-06 오후 2:19:32] iNervMCS Kill
[2021-05-06 오후 2:20:08] iNervMCS Kill
[2021-05-06 오후 2:20:09] EasyFee Kill
[2021-05-06 오후 2:20:43] iNervMCS Kill
[2021-05-06 오후 2:20:44] EasyFee Kill
[2021-05-06 오후 2:21:00] iNervMCS Kill
[2021-05-06 오후 2:21:02] EasyFee Kill
[2021-05-06 오후 2:22:39] iNervMCS Kill
[2021-05-06 오후 2:22:39] EasyFee Kill
[2021-05-06 오후 2:22:59] iNervMCS Kill
[2021-05-06 오후 2:22:59] EasyFee Kill
[2021-05-06 오후 2:25:58] iNervMCS Kill
[2021-05-06 오후 2:25:59] EasyFee Kill
[2021-05-06 오후 2:26:09] iNervMCS Kill
[2021-05-06 오후 2:33:26] iNervMCS Kill
[2021-05-06 오후 2:33:26] EasyFee Kill
[2021-05-06 오후 2:45:12] iNervMCS Kill
[2021-05-06 오후 2:45:12] EasyFee Kill
[2021-05-06 오후 2:46:28] iNervMCS Kill
[2021-05-06 오후 2:46:28] EasyFee Kill
[2021-05-06 오후 2:47:13] iNervMCS Kill
[2021-05-06 오후 2:47:13] EasyFee Kill
[2021-05-06 오후 2:48:08] iNervMCS Kill
[2021-05-06 오후 2:48:08] EasyFee Kill
[2021-05-06 오후 2:48:46] iNervMCS Kill
[2021-05-06 오후 2:48:46] EasyFee Kill
[2021-05-06 오후 2:51:02] iNervMCS Kill
[2021-05-06 오후 2:51:03] EasyFee Kill
[2021-05-06 오후 2:51:40] iNervMCS Kill
[2021-05-06 오후 2:51:41] EasyFee Kill
[2021-05-06 오후 2:52:32] iNervMCS Kill
[2021-05-06 오후 2:52:34] EasyFee Kill
[2021-05-06 오후 2:52:46] iNervMCS Kill
[2021-05-06 오후 2:52:47] EasyFee Kill
[2021-05-06 오후 2:53:49] iNervMCS Kill
[2021-05-06 오후 2:54:47] iNervMCS Kill
[2021-05-06 오후 2:54:48] EasyFee Kill
[2021-05-06 오후 3:02:44] iNervMCS Kill
[2021-05-06 오후 3:02:46] EasyFee Kill
[2021-05-06 오후 3:03:20] iNervMCS Kill
[2021-05-06 오후 3:03:22] EasyFee Kill
[2021-05-06 오후 3:32:38] iNervMCS Kill
[2021-05-06 오후 3:32:42] EasyFee Kill
[2021-05-06 오후 3:32:55] iNervMCS Kill
[2021-05-06 오후 3:32:56] EasyFee Kill
[2021-05-06 오후 3:52:50] iNervMCS Kill
[2021-05-06 오후 3:52:51] EasyFee Kill
[2021-05-06 오후 4:43:24] YourPhone Kill
[2021-05-06 오후 6:23:32] iNervMCS Kill
[2021-05-06 오후 6:24:10] iNervMCS Kill
[2021-05-06 오후 6:24:11] EasyFee Kill
[2021-05-06 오후 6:24:57] iNervMCS Kill
[2021-05-06 오후 6:24:58] EasyFee Kill
[2021-05-06 오후 6:25:23] iNervMCS Kill
[2021-05-06 오후 6:25:25] EasyFee Kill
[2021-05-06 오후 6:25:41] iNervMCS Kill
[2021-05-06 오후 6:25:42] EasyFee Kill
[2021-05-06 오후 6:25:47] iNervMCS Kill
[2021-05-06 오후 6:25:48] EasyFee Kill
[2021-05-06 오후 6:26:24] iNervMCS Kill
[2021-05-06 오후 6:26:26] EasyFee Kill
[2021-05-06 오후 6:26:35] iNervMCS Kill
[2021-05-06 오후 6:26:36] EasyFee Kill
[2021-05-06 오후 6:26:58] iNervMCS Kill
[2021-05-06 오후 6:27:01] EasyFee Kill
[2021-05-06 오후 6:28:52] iNervMCS Kill
[2021-05-06 오후 6:29:21] iNervMCS Kill
[2021-05-06 오후 6:30:02] iNervMCS Kill
[2021-05-06 오후 6:30:59] iNervMCS Kill
[2021-05-06 오후 6:31:34] iNervMCS Kill
[2021-05-06 오후 6:32:58] iNervMCS Kill
[2021-05-06 오후 6:33:15] iNervMCS Kill
[2021-05-06 오후 6:34:13] iNervMCS Kill
[2021-05-06 오후 6:34:14] EasyFee Kill
[2021-05-06 오후 6:38:42] iNervMCS Kill
[2021-05-06 오후 6:38:44] EasyFee Kill
[2021-05-06 오후 6:39:06] iNervMCS Kill
[2021-05-06 오후 6:39:07] EasyFee Kill
[2021-05-06 오후 6:46:52] iNervMCS Kill
[2021-05-06 오후 6:46:53] EasyFee Kill
[2021-05-06 오후 6:47:51] iNervMCS Kill
[2021-05-06 오후 6:48:37] iNervMCS Kill
[2021-05-06 오후 6:49:34] iNervMCS Kill
[2021-05-06 오후 6:54:02] iNervMCS Kill
[2021-05-06 오후 6:56:32] iNervMCS Kill
[2021-05-06 오후 6:59:28] iNervMCS Kill
[2021-05-06 오후 6:59:36] iNervMCS Kill
[2021-05-06 오후 7:04:10] iNervMCS Kill
[2021-05-06 오후 7:04:31] iNervMCS Kill
[2021-05-06 오후 7:06:16] iNervMCS Kill
[2021-05-06 오후 7:06:30] iNervMCS Kill
[2021-05-06 오후 7:13:02] iNervMCS Kill
[2021-05-06 오후 7:13:54] iNervMCS Kill
[2021-05-06 오후 7:28:20] iNervMCS Kill
[2021-05-06 오후 7:31:59] iNervMCS Kill
[2021-05-06 오후 7:36:51] iNervMCS Kill
[2021-05-06 오후 7:42:12] iNervMCS Kill
[2021-05-06 오후 7:43:58] iNervMCS Kill
[2021-05-06 오후 7:45:33] iNervMCS Kill
[2021-05-06 오후 7:47:50] iNervMCS Kill
[2021-05-06 오후 7:51:54] iNervMCS Kill
