[2021-05-04 오전 9:05:07] iNervMCS Run
[2021-05-04 오전 9:05:08] EasyFee Run
[2021-05-04 오전 9:07:52] iNervMCS Run
[2021-05-04 오전 9:07:52] EasyFee Run
[2021-05-04 오전 9:13:02] iNervMCS Run
[2021-05-04 오전 9:13:02] EasyFee Run
[2021-05-04 오전 9:16:31] iNervMCS Run
[2021-05-04 오전 9:16:31] EasyFee Run
[2021-05-04 오전 9:17:00] iNervMCS Run
[2021-05-04 오전 9:17:00] EasyFee Run
[2021-05-04 오전 9:17:20] iNervMCS Run
[2021-05-04 오전 9:17:20] EasyFee Run
[2021-05-04 오전 9:17:59] DeviceTest.exe 추가
[2021-05-04 오전 9:17:59] DeviceTest Run
[2021-05-04 오전 9:18:03] DeviceTest Run
[2021-05-04 오전 9:18:11] DeviceTest Run
[2021-05-04 오전 9:19:22] iNervMCS Run
[2021-05-04 오전 9:19:22] EasyFee Run
[2021-05-04 오전 9:19:22] DeviceTest Run
[2021-05-04 오전 9:19:30] DeviceTest.exe 삭제
[2021-05-04 오전 9:20:38] iNervMCS Run
[2021-05-04 오전 9:20:38] EasyFee Run
[2021-05-04 오전 9:41:04] iNervMCS Run
[2021-05-04 오전 9:41:04] EasyFee Run
[2021-05-04 오전 9:44:11] iNervMCS Run
[2021-05-04 오전 9:44:11] EasyFee Run
[2021-05-04 오전 10:07:50] iNervMCS Run
[2021-05-04 오전 10:07:50] EasyFee Run
[2021-05-04 오전 10:17:23] iNervMCS Run
[2021-05-04 오전 10:17:23] EasyFee Run
[2021-05-04 오전 10:17:52] iNervMCS Run
[2021-05-04 오전 10:17:52] EasyFee Run
[2021-05-04 오전 10:18:20] iNervMCS Run
[2021-05-04 오전 10:18:20] EasyFee Run
[2021-05-04 오전 10:20:20] iNervMCS Run
[2021-05-04 오전 10:20:20] EasyFee Run
[2021-05-04 오전 10:20:44] iNervMCS Run
[2021-05-04 오전 10:20:44] EasyFee Run
[2021-05-04 오전 10:21:06] iNervMCS Run
[2021-05-04 오전 10:21:06] EasyFee Run
[2021-05-04 오전 10:23:25] iNervMCS Run
[2021-05-04 오전 10:23:25] EasyFee Run
[2021-05-04 오전 10:23:45] iNervMCS Run
[2021-05-04 오전 10:23:45] EasyFee Run
[2021-05-04 오전 10:23:59] iNervMCS Run
[2021-05-04 오전 10:23:59] EasyFee Run
[2021-05-04 오전 10:24:53] iNervMCS Run
[2021-05-04 오전 10:24:53] EasyFee Run
[2021-05-04 오전 10:26:33] iNervMCS Run
[2021-05-04 오전 10:26:33] EasyFee Run
[2021-05-04 오전 10:34:08] iNervMCS Run
[2021-05-04 오전 10:34:08] EasyFee Run
[2021-05-04 오전 10:40:58] iNervMCS Run
[2021-05-04 오전 10:40:58] EasyFee Run
[2021-05-04 오전 10:45:43] iNervMCS Run
[2021-05-04 오전 10:45:43] EasyFee Run
[2021-05-04 오전 10:47:45] iNervMCS Run
[2021-05-04 오전 10:47:45] EasyFee Run
[2021-05-04 오전 10:53:52] iNervMCS Run
[2021-05-04 오전 10:53:52] EasyFee Run
[2021-05-04 오전 10:54:00] iNervMCS Run
[2021-05-04 오전 10:54:00] EasyFee Run
[2021-05-04 오전 10:59:36] EasyFee Run
[2021-05-04 오전 10:59:53] iNervMCS Run
[2021-05-04 오전 10:59:53] EasyFee Run
[2021-05-04 오전 11:01:09] iNervMCS Run
[2021-05-04 오전 11:01:09] EasyFee Run
[2021-05-04 오전 11:02:21] iNervMCS Run
[2021-05-04 오전 11:02:21] EasyFee Run
[2021-05-04 오전 11:02:43] iNervMCS Run
[2021-05-04 오전 11:02:43] EasyFee Run
[2021-05-04 오전 11:05:08] iNervMCS Run
[2021-05-04 오전 11:05:08] EasyFee Run
[2021-05-04 오전 11:05:41] iNervMCS Run
[2021-05-04 오전 11:05:41] EasyFee Run
[2021-05-04 오전 11:08:50] iNervMCS Run
[2021-05-04 오전 11:08:50] EasyFee Run
[2021-05-04 오전 11:11:00] iNervMCS Run
[2021-05-04 오전 11:11:00] EasyFee Run
[2021-05-04 오전 11:11:16] iNervMCS Run
[2021-05-04 오전 11:11:16] EasyFee Run
[2021-05-04 오전 11:11:56] iNervMCS Run
[2021-05-04 오전 11:11:56] EasyFee Run
[2021-05-04 오전 11:12:14] iNervMCS Run
[2021-05-04 오전 11:12:14] EasyFee Run
[2021-05-04 오전 11:14:38] iNervMCS Run
[2021-05-04 오전 11:14:38] EasyFee Run
[2021-05-04 오전 11:15:07] iNervMCS Run
[2021-05-04 오전 11:15:08] EasyFee Run
[2021-05-04 오전 11:15:51] iNervMCS Run
[2021-05-04 오전 11:15:51] EasyFee Run
[2021-05-04 오전 11:16:40] iNervMCS Run
[2021-05-04 오전 11:16:40] EasyFee Run
[2021-05-04 오전 11:17:27] iNervMCS Run
[2021-05-04 오전 11:17:27] EasyFee Run
[2021-05-04 오전 11:20:15] iNervMCS Run
[2021-05-04 오전 11:20:15] EasyFee Run
[2021-05-04 오전 11:21:06] iNervMCS Run
[2021-05-04 오전 11:21:06] EasyFee Run
[2021-05-04 오전 11:21:49] iNervMCS Run
[2021-05-04 오전 11:21:49] EasyFee Run
[2021-05-04 오전 11:23:53] iNervMCS Run
[2021-05-04 오전 11:23:53] EasyFee Run
[2021-05-04 오전 11:24:01] iNervMCS Run
[2021-05-04 오전 11:24:01] EasyFee Run
[2021-05-04 오전 11:24:18] iNervMCS Run
[2021-05-04 오전 11:24:18] EasyFee Run
[2021-05-04 오전 11:24:26] iNervMCS Run
[2021-05-04 오전 11:24:26] EasyFee Run
[2021-05-04 오전 11:25:00] EasyFee Run
[2021-05-04 오전 11:25:09] iNervMCS Run
[2021-05-04 오전 11:25:09] EasyFee Run
[2021-05-04 오전 11:25:20] iNervMCS Run
[2021-05-04 오전 11:25:20] EasyFee Run
[2021-05-04 오전 11:30:28] iNervMCS Run
[2021-05-04 오전 11:30:28] EasyFee Run
[2021-05-04 오전 11:31:53] iNervMCS Run
[2021-05-04 오전 11:31:53] EasyFee Run
[2021-05-04 오전 11:34:22] iNervMCS Run
[2021-05-04 오전 11:34:22] EasyFee Run
[2021-05-04 오전 11:36:11] iNervMCS Run
[2021-05-04 오전 11:36:12] EasyFee Run
[2021-05-04 오전 11:36:35] iNervMCS Run
[2021-05-04 오전 11:36:35] EasyFee Run
[2021-05-04 오전 11:38:26] iNervMCS Run
[2021-05-04 오전 11:38:27] EasyFee Run
[2021-05-04 오전 11:38:40] iNervMCS Run
[2021-05-04 오전 11:38:40] EasyFee Run
[2021-05-04 오전 11:42:56] iNervMCS Run
[2021-05-04 오전 11:42:56] EasyFee Run
[2021-05-04 오전 11:43:10] iNervMCS Run
[2021-05-04 오전 11:43:10] EasyFee Run
[2021-05-04 오전 11:44:03] iNervMCS Run
[2021-05-04 오전 11:44:03] EasyFee Run
[2021-05-04 오전 11:49:07] EasyFee Run
[2021-05-04 오전 11:50:19] iNervMCS Run
[2021-05-04 오전 11:50:19] EasyFee Run
[2021-05-04 오전 11:58:17] iNervMCS Run
[2021-05-04 오전 11:58:17] EasyFee Run
[2021-05-04 오전 11:58:35] iNervMCS Run
[2021-05-04 오전 11:58:35] EasyFee Run
[2021-05-04 오전 11:59:10] iNervMCS Run
[2021-05-04 오전 11:59:10] EasyFee Run
[2021-05-04 오후 12:01:35] iNervMCS Run
[2021-05-04 오후 12:01:35] EasyFee Run
[2021-05-04 오후 12:04:29] iNervMCS Run
[2021-05-04 오후 12:04:29] EasyFee Run
[2021-05-04 오후 12:04:59] iNervMCS Run
[2021-05-04 오후 12:04:59] EasyFee Run
[2021-05-04 오후 12:56:24] iNervMCS Run
[2021-05-04 오후 12:56:24] EasyFee Run
[2021-05-04 오후 1:22:49] iNervMCS Run
[2021-05-04 오후 1:22:49] EasyFee Run
[2021-05-04 오후 1:23:55] iNervMCS Run
[2021-05-04 오후 1:23:55] EasyFee Run
[2021-05-04 오후 1:24:45] iNervMCS Run
[2021-05-04 오후 1:24:45] EasyFee Run
[2021-05-04 오후 1:25:38] iNervMCS Run
[2021-05-04 오후 1:25:38] EasyFee Run
[2021-05-04 오후 1:26:14] iNervMCS Run
[2021-05-04 오후 1:26:14] EasyFee Run
[2021-05-04 오후 1:35:50] iNervMCS Run
[2021-05-04 오후 1:35:50] EasyFee Run
[2021-05-04 오후 1:36:43] iNervMCS Run
[2021-05-04 오후 1:36:43] EasyFee Run
[2021-05-04 오후 1:37:06] iNervMCS Run
[2021-05-04 오후 1:37:06] EasyFee Run
[2021-05-04 오후 1:37:31] iNervMCS Run
[2021-05-04 오후 1:37:31] EasyFee Run
[2021-05-04 오후 1:41:06] iNervMCS Run
[2021-05-04 오후 1:41:06] EasyFee Run
[2021-05-04 오후 2:04:33] iNervMCS Run
[2021-05-04 오후 2:04:33] EasyFee Run
[2021-05-04 오후 2:05:12] iNervMCS Run
[2021-05-04 오후 2:05:12] EasyFee Run
[2021-05-04 오후 2:07:24] iNervMCS Run
[2021-05-04 오후 2:07:24] EasyFee Run
[2021-05-04 오후 2:07:58] iNervMCS Run
[2021-05-04 오후 2:07:58] EasyFee Run
[2021-05-04 오후 2:39:23] iNervMCS Run
[2021-05-04 오후 2:39:23] EasyFee Run
[2021-05-04 오후 2:52:00] iNervMCS Run
[2021-05-04 오후 2:52:00] EasyFee Run
[2021-05-04 오후 2:53:36] iNervMCS Run
[2021-05-04 오후 2:53:37] EasyFee Run
[2021-05-04 오후 2:53:42] iNervMCS Run
[2021-05-04 오후 2:53:42] EasyFee Run
[2021-05-04 오후 2:54:23] iNervMCS Run
[2021-05-04 오후 2:54:23] EasyFee Run
[2021-05-04 오후 2:56:18] iNervMCS Run
[2021-05-04 오후 2:56:18] EasyFee Run
[2021-05-04 오후 2:56:59] iNervMCS Run
[2021-05-04 오후 2:56:59] EasyFee Run
[2021-05-04 오후 2:58:21] iNervMCS Run
[2021-05-04 오후 2:58:21] EasyFee Run
[2021-05-04 오후 3:01:50] iNervMCS Run
[2021-05-04 오후 3:01:50] EasyFee Run
[2021-05-04 오후 3:01:57] iNervMCS Run
[2021-05-04 오후 3:01:57] EasyFee Run
[2021-05-04 오후 3:23:43] iNervMCS Run
[2021-05-04 오후 3:23:43] EasyFee Run
[2021-05-04 오후 3:25:03] iNervMCS Run
[2021-05-04 오후 3:25:03] EasyFee Run
[2021-05-04 오후 3:25:53] iNervMCS Run
[2021-05-04 오후 3:25:53] EasyFee Run
[2021-05-04 오후 3:26:02] iNervMCS Run
[2021-05-04 오후 3:26:02] EasyFee Run
[2021-05-04 오후 3:28:18] iNervMCS Run
[2021-05-04 오후 3:28:18] EasyFee Run
[2021-05-04 오후 3:33:51] iNervMCS Run
[2021-05-04 오후 3:33:51] EasyFee Run
[2021-05-04 오후 3:38:37] iNervMCS Run
[2021-05-04 오후 3:38:37] EasyFee Run
[2021-05-04 오후 3:39:22] iNervMCS Run
[2021-05-04 오후 3:39:22] EasyFee Run
[2021-05-04 오후 3:41:36] iNervMCS Run
[2021-05-04 오후 3:41:36] EasyFee Run
[2021-05-04 오후 3:54:06] iNervMCS Run
[2021-05-04 오후 3:54:06] EasyFee Run
[2021-05-04 오후 3:55:46] iNervMCS Run
[2021-05-04 오후 3:55:47] EasyFee Run
[2021-05-04 오후 3:58:44] iNervMCS Run
[2021-05-04 오후 3:58:44] EasyFee Run
[2021-05-04 오후 3:58:51] iNervMCS Run
[2021-05-04 오후 3:58:51] EasyFee Run
[2021-05-04 오후 3:59:40] iNervMCS Run
[2021-05-04 오후 3:59:40] EasyFee Run
[2021-05-04 오후 3:59:54] iNervMCS Run
[2021-05-04 오후 3:59:54] EasyFee Run
[2021-05-04 오후 4:00:53] iNervMCS Run
[2021-05-04 오후 4:00:53] EasyFee Run
[2021-05-04 오후 4:02:59] iNervMCS Run
[2021-05-04 오후 4:02:59] EasyFee Run
[2021-05-04 오후 4:03:16] iNervMCS Run
[2021-05-04 오후 4:03:16] EasyFee Run
[2021-05-04 오후 4:08:32] iNervMCS Run
[2021-05-04 오후 4:08:32] EasyFee Run
[2021-05-04 오후 4:09:08] iNervMCS Run
[2021-05-04 오후 4:09:08] EasyFee Run
[2021-05-04 오후 4:09:33] iNervMCS Run
[2021-05-04 오후 4:09:33] EasyFee Run
[2021-05-04 오후 4:11:12] iNervMCS Run
[2021-05-04 오후 4:11:12] EasyFee Run
[2021-05-04 오후 4:14:00] iNervMCS Run
[2021-05-04 오후 4:14:00] EasyFee Run
[2021-05-04 오후 4:14:27] iNervMCS Run
[2021-05-04 오후 4:14:27] EasyFee Run
[2021-05-04 오후 4:14:56] iNervMCS Run
[2021-05-04 오후 4:14:56] EasyFee Run
[2021-05-04 오후 4:15:27] iNervMCS Run
[2021-05-04 오후 4:15:27] EasyFee Run
[2021-05-04 오후 4:16:07] iNervMCS Run
[2021-05-04 오후 4:16:07] EasyFee Run
[2021-05-04 오후 4:26:28] iNervMCS Run
[2021-05-04 오후 4:26:28] EasyFee Run
[2021-05-04 오후 4:26:57] iNervMCS Run
[2021-05-04 오후 4:26:58] EasyFee Run
[2021-05-04 오후 4:27:53] iNervMCS Run
[2021-05-04 오후 4:27:53] EasyFee Run
[2021-05-04 오후 6:27:29] iNervMCS Run
[2021-05-04 오후 6:27:29] EasyFee Run
[2021-05-04 오후 6:36:02] iNervMCS Run
[2021-05-04 오후 6:36:02] EasyFee Run
[2021-05-04 오후 6:37:15] iNervMCS Run
[2021-05-04 오후 6:37:15] EasyFee Run
[2021-05-04 오후 6:38:18] iNervMCS Run
[2021-05-04 오후 6:38:18] EasyFee Run
[2021-05-04 오후 6:38:33] iNervMCS Run
[2021-05-04 오후 6:38:33] EasyFee Run
[2021-05-04 오후 6:38:49] iNervMCS Run
[2021-05-04 오후 6:38:49] EasyFee Run
[2021-05-04 오후 6:41:12] iNervMCS Run
[2021-05-04 오후 6:41:12] EasyFee Run
[2021-05-04 오후 6:42:39] iNervMCS Run
[2021-05-04 오후 6:42:39] EasyFee Run
