[2021-05-03 오후 4:57:55] smartscreen Kill
[2021-05-03 오후 4:57:55] YourPhone Kill
[2021-05-03 오후 4:58:47] smartscreen Kill
[2021-05-03 오후 5:00:41] smartscreen Kill
[2021-05-03 오후 5:01:13] smartscreen Kill
[2021-05-03 오후 5:02:38] smartscreen Kill
[2021-05-03 오후 5:14:04] smartscreen Kill
[2021-05-03 오후 5:14:37] smartscreen Kill
[2021-05-03 오후 5:15:46] smartscreen Kill
[2021-05-03 오후 5:16:32] smartscreen Kill
[2021-05-03 오후 5:22:57] smartscreen Kill
[2021-05-03 오후 5:24:53] smartscreen Kill
[2021-05-03 오후 5:26:48] smartscreen Kill
[2021-05-03 오후 5:27:22] smartscreen Kill
[2021-05-03 오후 5:28:19] smartscreen Kill
[2021-05-03 오후 5:28:47] smartscreen Kill
[2021-05-03 오후 5:31:02] smartscreen Kill
[2021-05-03 오후 5:31:18] smartscreen Kill
[2021-05-03 오후 5:31:55] smartscreen Kill
[2021-05-03 오후 5:33:17] smartscreen Kill
[2021-05-03 오후 5:33:53] smartscreen Kill
[2021-05-03 오후 5:34:23] smartscreen Kill
[2021-05-03 오후 5:35:34] smartscreen Kill
[2021-05-03 오후 5:36:40] smartscreen Kill
[2021-05-03 오후 5:37:20] smartscreen Kill
[2021-05-03 오후 5:38:28] smartscreen Kill
[2021-05-03 오후 5:39:00] EasyFee 추가
[2021-05-03 오후 5:39:02] EasyFee Kill
[2021-05-03 오후 5:39:05] EasyFee 삭제
[2021-05-03 오후 5:39:07] smartscreen 삭제
[2021-05-03 오후 6:05:17] iNervMCS Kill
[2021-05-03 오후 6:05:17] EasyFee Kill
[2021-05-03 오후 6:05:35] iNervMCS Kill
[2021-05-03 오후 6:05:35] EasyFee Kill
[2021-05-03 오후 6:08:20] iNervMCS Kill
[2021-05-03 오후 6:09:45] EasyFee Kill
[2021-05-03 오후 6:13:06] iNervMCS Kill
[2021-05-03 오후 6:13:10] EasyFee Kill
[2021-05-03 오후 6:15:17] iNervMCS Kill
[2021-05-03 오후 6:15:21] EasyFee Kill
[2021-05-03 오후 6:16:20] iNervMCS Kill
[2021-05-03 오후 6:16:22] EasyFee Kill
[2021-05-03 오후 6:17:14] iNervMCS Kill
