[2021-05-10 오전 9:47:04] C:\Users\dhicc\Desktop\새 폴더\UTIL\ProcessRK\bin\Release\update\iNervMCS.exeUpdate
[2021-05-10 오전 9:47:04] C:\Users\dhicc\Desktop\새 폴더\UTIL\ProcessRK\bin\Release\update\EasyFee.exeUpdate
[2021-05-10 오전 9:47:19] C:\Users\dhicc\Desktop\새 폴더\UTIL\ProcessRK\bin\Release\update\iNervMCS.exeUpdate
[2021-05-10 오전 9:47:19] C:\Users\dhicc\Desktop\새 폴더\UTIL\ProcessRK\bin\Release\update\EasyFee.exeUpdate
[2021-05-10 오전 9:47:24] C:\Users\dhicc\Desktop\새 폴더\UTIL\ProcessRK\bin\Release\update\iNervMCS.exeUpdate
[2021-05-10 오전 9:47:25] C:\Users\dhicc\Desktop\새 폴더\UTIL\ProcessRK\bin\Release\update\EasyFee.exeUpdate
[2021-05-10 오전 9:48:36] C:\Users\dhicc\Desktop\새 폴더\UTIL\ProcessRK\bin\Release\update\iNervMCS.exeUpdate
[2021-05-10 오전 9:48:36] C:\Users\dhicc\Desktop\새 폴더\UTIL\ProcessRK\bin\Release\update\EasyFee.exeUpdate
[2021-05-10 오전 9:49:00] C:\Users\dhicc\Desktop\새 폴더\UTIL\ProcessRK\bin\Release\update\iNervMCS.exeUpdate
[2021-05-10 오전 9:49:00] C:\Users\dhicc\Desktop\새 폴더\UTIL\ProcessRK\bin\Release\update\EasyFee.exeUpdate
[2021-05-10 오전 9:49:04] C:\Users\dhicc\Desktop\새 폴더\UTIL\ProcessRK\bin\Release\update\iNervMCS.exeUpdate
[2021-05-10 오전 9:49:04] C:\Users\dhicc\Desktop\새 폴더\UTIL\ProcessRK\bin\Release\update\EasyFee.exeUpdate
[2021-05-10 오전 9:57:11] iNervMCS Update
[2021-05-10 오전 9:57:15] EasyFee Update
[2021-05-10 오전 10:01:10] Update
[2021-05-10 오전 10:01:10] C:\Users\dhicc\Desktop\연습용메인\iNervMCS\bin\Debug\iNervMCS.exe Update
[2021-05-10 오전 10:01:10] Update
[2021-05-10 오전 10:01:10] C:\Users\dhicc\Desktop\연습용메인\EasyFee_VB\EasyFee\EasyFee.exe Update
[2021-05-10 오전 10:01:48] Update
[2021-05-10 오전 10:01:49] C:\Users\dhicc\Desktop\연습용메인\iNervMCS\bin\Debug\iNervMCS.exe Update
[2021-05-10 오전 10:01:49] C:\Users\dhicc\Desktop\연습용메인\EasyFee_VB\EasyFee\EasyFee.exe Update
[2021-05-10 오전 10:01:53] Update
[2021-05-10 오전 10:01:53] C:\Users\dhicc\Desktop\연습용메인\iNervMCS\bin\Debug\iNervMCS.exe Update
[2021-05-10 오전 10:01:54] C:\Users\dhicc\Desktop\연습용메인\EasyFee_VB\EasyFee\EasyFee.exe Update
[2021-05-10 오전 10:01:55] Update
[2021-05-10 오전 10:01:56] C:\Users\dhicc\Desktop\연습용메인\iNervMCS\bin\Debug\iNervMCS.exe Update
[2021-05-10 오전 10:01:56] C:\Users\dhicc\Desktop\연습용메인\EasyFee_VB\EasyFee\EasyFee.exe Update
[2021-05-10 오전 10:03:07] Update
[2021-05-10 오전 10:03:14] Update
[2021-05-10 오전 10:03:14] C:\Users\dhicc\Desktop\연습용메인\iNervMCS\bin\Debug\iNervMCS.exe Update
[2021-05-10 오전 10:03:18] C:\Users\dhicc\Desktop\연습용메인\EasyFee_VB\EasyFee\EasyFee.exe Update
[2021-05-10 오전 10:03:18] C:\Users\dhicc\Desktop\연습용메인\EasyFee_VB\EasyFee\EasyFee.exe Update
[2021-05-10 오전 10:03:18] C:\Users\dhicc\Desktop\연습용메인\EasyFee_VB\EasyFee\EasyFee.exe Update
[2021-05-10 오전 10:03:42] Update
[2021-05-10 오전 10:03:43] C:\Users\dhicc\Desktop\연습용메인\iNervMCS\bin\Debug\iNervMCS.exe Update
[2021-05-10 오전 10:03:44] C:\Users\dhicc\Desktop\연습용메인\EasyFee_VB\EasyFee\EasyFee.exe Update
[2021-05-10 오전 10:04:06] Update
[2021-05-10 오전 10:04:06] C:\Users\dhicc\Desktop\연습용메인\iNervMCS\bin\Debug\iNervMCS.exe Update
[2021-05-10 오전 10:04:07] C:\Users\dhicc\Desktop\연습용메인\EasyFee_VB\EasyFee\EasyFee.exe Update
[2021-05-10 오전 10:21:50] Update
[2021-05-10 오전 10:23:07] Update
[2021-05-10 오전 10:23:12] Update
