[2021-05-03 오후 4:57:55] iNervMCS Run
[2021-05-03 오후 5:23:36] EasyFee.exe 추가
[2021-05-03 오후 5:23:36] EasyFee Run
[2021-05-03 오후 5:23:59] EasyFee.exe 삭제
[2021-05-03 오후 5:24:55] EasyFee.exe 추가
[2021-05-03 오후 5:24:56] EasyFee Run
[2021-05-03 오후 5:26:48] EasyFee Run
[2021-05-03 오후 5:27:22] EasyFee Run
[2021-05-03 오후 5:31:10] EasyFee.exe 삭제
[2021-05-03 오후 5:35:45] EasyFee.exe 추가
[2021-05-03 오후 5:35:46] EasyFee Run
[2021-05-03 오후 5:35:53] EasyFee.exe 삭제
[2021-05-03 오후 5:38:46] EasyFee.exe 추가
[2021-05-03 오후 5:38:46] EasyFee Run
[2021-05-03 오후 5:39:02] EasyFee.exe 삭제
[2021-05-03 오후 5:47:38] EasyFee_0423.exe 추가
[2021-05-03 오후 5:47:45] EasyFee_0423 Run
[2021-05-03 오후 5:48:01] EasyFee_0423 Run
[2021-05-03 오후 5:48:48] EasyFee_0423.exe 삭제
[2021-05-03 오후 5:49:05] EasyFee.exe 추가
[2021-05-03 오후 5:49:21] EasyFee Run
[2021-05-03 오후 5:51:48] EasyFee Run
[2021-05-03 오후 6:00:23] EasyFee Run
[2021-05-03 오후 6:01:12] EasyFee Run
[2021-05-03 오후 6:02:39] EasyFee Run
[2021-05-03 오후 6:05:27] iNervMCS Run
[2021-05-03 오후 6:05:27] EasyFee Run
[2021-05-03 오후 6:08:12] iNervMCS Run
[2021-05-03 오후 6:08:12] EasyFee Run
[2021-05-03 오후 6:09:53] iNervMCS Run
[2021-05-03 오후 6:09:53] EasyFee Run
[2021-05-03 오후 6:13:02] EasyFee Run
[2021-05-03 오후 6:15:15] iNervMCS Run
[2021-05-03 오후 6:15:15] EasyFee Run
[2021-05-03 오후 6:16:14] iNervMCS Run
[2021-05-03 오후 6:16:14] EasyFee Run
[2021-05-03 오후 6:17:10] iNervMCS Run
[2021-05-03 오후 6:17:10] EasyFee Run
