[2021-05-04 오전 9:05:06] YourPhone Kill
[2021-05-04 오전 9:05:09] iNervMCS Kill
[2021-05-04 오전 9:05:13] EasyFee Kill
[2021-05-04 오전 9:07:54] iNervMCS Kill
[2021-05-04 오전 9:07:56] EasyFee Kill
[2021-05-04 오전 9:13:12] iNervMCS Kill
[2021-05-04 오전 9:13:15] EasyFee Kill
[2021-05-04 오전 9:16:32] iNervMCS Kill
[2021-05-04 오전 9:16:32] EasyFee Kill
[2021-05-04 오전 9:17:02] iNervMCS Kill
[2021-05-04 오전 9:17:07] EasyFee Kill
[2021-05-04 오전 9:18:13] iNervMCS Kill
[2021-05-04 오전 9:18:15] EasyFee Kill
[2021-05-04 오전 9:18:16] DeviceTest Kill
[2021-05-04 오전 9:19:25] iNervMCS Kill
[2021-05-04 오전 9:19:25] EasyFee Kill
[2021-05-04 오전 9:19:25] DeviceTest Kill
[2021-05-04 오전 9:20:39] iNervMCS Kill
[2021-05-04 오전 9:20:39] EasyFee Kill
[2021-05-04 오전 9:41:09] iNervMCS Kill
[2021-05-04 오전 9:41:09] EasyFee Kill
[2021-05-04 오전 9:44:12] iNervMCS Kill
[2021-05-04 오전 9:44:12] EasyFee Kill
[2021-05-04 오전 10:07:51] iNervMCS Kill
[2021-05-04 오전 10:07:51] EasyFee Kill
[2021-05-04 오전 10:17:24] iNervMCS Kill
[2021-05-04 오전 10:17:24] EasyFee Kill
[2021-05-04 오전 10:17:54] iNervMCS Kill
[2021-05-04 오전 10:17:54] EasyFee Kill
[2021-05-04 오전 10:18:20] iNervMCS Kill
[2021-05-04 오전 10:18:20] EasyFee Kill
[2021-05-04 오전 10:20:22] iNervMCS Kill
[2021-05-04 오전 10:20:22] EasyFee Kill
[2021-05-04 오전 10:20:47] iNervMCS Kill
[2021-05-04 오전 10:20:47] EasyFee Kill
[2021-05-04 오전 10:21:09] iNervMCS Kill
[2021-05-04 오전 10:21:09] EasyFee Kill
[2021-05-04 오전 10:23:25] iNervMCS Kill
[2021-05-04 오전 10:23:25] EasyFee Kill
[2021-05-04 오전 10:23:46] iNervMCS Kill
[2021-05-04 오전 10:23:46] EasyFee Kill
[2021-05-04 오전 10:24:01] iNervMCS Kill
[2021-05-04 오전 10:24:01] EasyFee Kill
[2021-05-04 오전 10:24:54] iNervMCS Kill
[2021-05-04 오전 10:24:54] EasyFee Kill
[2021-05-04 오전 10:26:35] iNervMCS Kill
[2021-05-04 오전 10:26:35] EasyFee Kill
[2021-05-04 오전 10:40:57] iNervMCS Kill
[2021-05-04 오전 10:40:57] EasyFee Kill
[2021-05-04 오전 10:42:01] iNervMCS Kill
[2021-05-04 오전 10:42:01] EasyFee Kill
[2021-05-04 오전 10:45:44] iNervMCS Kill
[2021-05-04 오전 10:45:44] EasyFee Kill
[2021-05-04 오전 10:53:02] iNervMCS Kill
[2021-05-04 오전 10:53:02] EasyFee Kill
[2021-05-04 오전 10:53:57] iNervMCS Kill
[2021-05-04 오전 10:53:57] EasyFee Kill
[2021-05-04 오전 10:59:36] iNervMCS Kill
[2021-05-04 오전 10:59:36] EasyFee Kill
[2021-05-04 오전 10:59:54] iNervMCS Kill
[2021-05-04 오전 10:59:54] EasyFee Kill
[2021-05-04 오전 11:01:10] iNervMCS Kill
[2021-05-04 오전 11:01:10] EasyFee Kill
[2021-05-04 오전 11:02:22] iNervMCS Kill
[2021-05-04 오전 11:02:22] EasyFee Kill
[2021-05-04 오전 11:02:44] iNervMCS Kill
[2021-05-04 오전 11:02:44] EasyFee Kill
[2021-05-04 오전 11:05:10] iNervMCS Kill
[2021-05-04 오전 11:05:10] EasyFee Kill
[2021-05-04 오전 11:05:42] iNervMCS Kill
[2021-05-04 오전 11:05:42] EasyFee Kill
[2021-05-04 오전 11:10:46] iNervMCS Kill
[2021-05-04 오전 11:10:46] EasyFee Kill
[2021-05-04 오전 11:11:01] iNervMCS Kill
[2021-05-04 오전 11:11:01] EasyFee Kill
[2021-05-04 오전 11:11:18] iNervMCS Kill
[2021-05-04 오전 11:11:18] EasyFee Kill
[2021-05-04 오전 11:11:57] iNervMCS Kill
[2021-05-04 오전 11:11:57] EasyFee Kill
[2021-05-04 오전 11:12:18] iNervMCS Kill
[2021-05-04 오전 11:12:18] EasyFee Kill
[2021-05-04 오전 11:14:41] iNervMCS Kill
[2021-05-04 오전 11:14:41] EasyFee Kill
[2021-05-04 오전 11:15:08] iNervMCS Kill
[2021-05-04 오전 11:15:08] EasyFee Kill
[2021-05-04 오전 11:15:53] iNervMCS Kill
[2021-05-04 오전 11:15:53] EasyFee Kill
[2021-05-04 오전 11:16:41] iNervMCS Kill
[2021-05-04 오전 11:16:41] EasyFee Kill
[2021-05-04 오전 11:17:28] iNervMCS Kill
[2021-05-04 오전 11:17:28] EasyFee Kill
[2021-05-04 오전 11:20:16] iNervMCS Kill
[2021-05-04 오전 11:20:16] EasyFee Kill
[2021-05-04 오전 11:21:10] iNervMCS Kill
[2021-05-04 오전 11:21:10] EasyFee Kill
[2021-05-04 오전 11:21:51] iNervMCS Kill
[2021-05-04 오전 11:21:51] EasyFee Kill
[2021-05-04 오전 11:23:57] iNervMCS Kill
[2021-05-04 오전 11:23:57] EasyFee Kill
[2021-05-04 오전 11:24:06] iNervMCS Kill
[2021-05-04 오전 11:24:06] EasyFee Kill
[2021-05-04 오전 11:24:23] iNervMCS Kill
[2021-05-04 오전 11:24:23] EasyFee Kill
[2021-05-04 오전 11:25:05] iNervMCS Kill
[2021-05-04 오전 11:25:05] EasyFee Kill
[2021-05-04 오전 11:25:11] iNervMCS Kill
[2021-05-04 오전 11:25:11] EasyFee Kill
[2021-05-04 오전 11:30:14] iNervMCS Kill
[2021-05-04 오전 11:30:14] EasyFee Kill
[2021-05-04 오전 11:30:29] iNervMCS Kill
[2021-05-04 오전 11:30:29] EasyFee Kill
[2021-05-04 오전 11:31:53] iNervMCS Kill
[2021-05-04 오전 11:31:53] EasyFee Kill
[2021-05-04 오전 11:34:34] iNervMCS Kill
[2021-05-04 오전 11:34:34] EasyFee Kill
[2021-05-04 오전 11:36:12] iNervMCS Kill
[2021-05-04 오전 11:36:13] EasyFee Kill
[2021-05-04 오전 11:36:36] iNervMCS Kill
[2021-05-04 오전 11:36:36] EasyFee Kill
[2021-05-04 오전 11:38:27] iNervMCS Kill
[2021-05-04 오전 11:38:27] EasyFee Kill
[2021-05-04 오전 11:42:59] iNervMCS Kill
[2021-05-04 오전 11:42:59] EasyFee Kill
[2021-05-04 오전 11:43:11] iNervMCS Kill
[2021-05-04 오전 11:43:11] EasyFee Kill
[2021-05-04 오전 11:49:08] iNervMCS Kill
[2021-05-04 오전 11:49:08] EasyFee Kill
[2021-05-04 오전 11:50:20] iNervMCS Kill
[2021-05-04 오전 11:50:20] EasyFee Kill
[2021-05-04 오전 11:58:18] iNervMCS Kill
[2021-05-04 오전 11:58:18] EasyFee Kill
[2021-05-04 오전 11:58:36] iNervMCS Kill
[2021-05-04 오전 11:58:36] EasyFee Kill
[2021-05-04 오후 12:00:51] iNervMCS Kill
[2021-05-04 오후 12:00:51] EasyFee Kill
[2021-05-04 오후 12:01:35] iNervMCS Kill
[2021-05-04 오후 12:01:35] EasyFee Kill
[2021-05-04 오후 12:04:29] iNervMCS Kill
[2021-05-04 오후 12:04:29] EasyFee Kill
[2021-05-04 오후 12:05:00] iNervMCS Kill
[2021-05-04 오후 12:05:00] EasyFee Kill
[2021-05-04 오후 12:56:24] YourPhone Kill
[2021-05-04 오후 1:22:50] iNervMCS Kill
[2021-05-04 오후 1:22:50] EasyFee Kill
[2021-05-04 오후 1:23:56] iNervMCS Kill
[2021-05-04 오후 1:23:56] EasyFee Kill
[2021-05-04 오후 1:24:47] iNervMCS Kill
[2021-05-04 오후 1:24:47] EasyFee Kill
[2021-05-04 오후 1:25:40] iNervMCS Kill
[2021-05-04 오후 1:25:40] EasyFee Kill
[2021-05-04 오후 1:34:35] iNervMCS Kill
[2021-05-04 오후 1:34:35] EasyFee Kill
[2021-05-04 오후 1:35:52] iNervMCS Kill
[2021-05-04 오후 1:35:52] EasyFee Kill
[2021-05-04 오후 1:36:47] iNervMCS Kill
[2021-05-04 오후 1:36:47] EasyFee Kill
[2021-05-04 오후 1:37:06] iNervMCS Kill
[2021-05-04 오후 1:37:06] EasyFee Kill
[2021-05-04 오후 1:39:03] iNervMCS Kill
[2021-05-04 오후 1:39:03] EasyFee Kill
[2021-05-04 오후 1:41:08] iNervMCS Kill
[2021-05-04 오후 1:41:08] EasyFee Kill
[2021-05-04 오후 2:04:40] iNervMCS Kill
[2021-05-04 오후 2:04:40] EasyFee Kill
[2021-05-04 오후 2:05:12] iNervMCS Kill
[2021-05-04 오후 2:05:12] EasyFee Kill
[2021-05-04 오후 2:07:24] iNervMCS Kill
[2021-05-04 오후 2:07:24] EasyFee Kill
[2021-05-04 오후 2:07:59] iNervMCS Kill
[2021-05-04 오후 2:07:59] EasyFee Kill
[2021-05-04 오후 2:51:11] iNervMCS Kill
[2021-05-04 오후 2:51:11] EasyFee Kill
[2021-05-04 오후 2:52:27] iNervMCS Kill
[2021-05-04 오후 2:52:27] EasyFee Kill
[2021-05-04 오후 2:53:37] iNervMCS Kill
[2021-05-04 오후 2:53:37] EasyFee Kill
[2021-05-04 오후 2:53:55] iNervMCS Kill
[2021-05-04 오후 2:53:55] EasyFee Kill
[2021-05-04 오후 2:54:25] iNervMCS Kill
[2021-05-04 오후 2:54:25] EasyFee Kill
[2021-05-04 오후 2:56:18] iNervMCS Kill
[2021-05-04 오후 2:56:18] EasyFee Kill
[2021-05-04 오후 2:57:01] iNervMCS Kill
[2021-05-04 오후 2:57:01] EasyFee Kill
[2021-05-04 오후 2:59:18] iNervMCS Kill
[2021-05-04 오후 2:59:18] EasyFee Kill
[2021-05-04 오후 3:01:50] iNervMCS Kill
[2021-05-04 오후 3:01:50] EasyFee Kill
[2021-05-04 오후 3:02:16] iNervMCS Kill
[2021-05-04 오후 3:02:16] EasyFee Kill
[2021-05-04 오후 3:23:45] iNervMCS Kill
[2021-05-04 오후 3:23:45] EasyFee Kill
[2021-05-04 오후 3:25:04] iNervMCS Kill
[2021-05-04 오후 3:25:04] EasyFee Kill
[2021-05-04 오후 3:25:55] iNervMCS Kill
[2021-05-04 오후 3:25:55] EasyFee Kill
[2021-05-04 오후 3:26:03] iNervMCS Kill
[2021-05-04 오후 3:26:03] EasyFee Kill
[2021-05-04 오후 3:28:30] iNervMCS Kill
[2021-05-04 오후 3:28:30] EasyFee Kill
[2021-05-04 오후 3:33:51] iNervMCS Kill
[2021-05-04 오후 3:33:51] EasyFee Kill
[2021-05-04 오후 3:38:38] iNervMCS Kill
[2021-05-04 오후 3:38:38] EasyFee Kill
[2021-05-04 오후 3:39:22] iNervMCS Kill
[2021-05-04 오후 3:39:22] EasyFee Kill
[2021-05-04 오후 3:41:45] iNervMCS Kill
[2021-05-04 오후 3:41:45] EasyFee Kill
[2021-05-04 오후 3:55:42] iNervMCS Kill
[2021-05-04 오후 3:55:42] EasyFee Kill
[2021-05-04 오후 3:58:00] iNervMCS Kill
[2021-05-04 오후 3:58:01] EasyFee Kill
[2021-05-04 오후 3:58:48] iNervMCS Kill
[2021-05-04 오후 3:58:48] EasyFee Kill
[2021-05-04 오후 3:59:17] iNervMCS Kill
[2021-05-04 오후 3:59:18] EasyFee Kill
[2021-05-04 오후 3:59:41] iNervMCS Kill
[2021-05-04 오후 3:59:41] EasyFee Kill
[2021-05-04 오후 3:59:59] iNervMCS Kill
[2021-05-04 오후 3:59:59] EasyFee Kill
[2021-05-04 오후 4:00:55] iNervMCS Kill
[2021-05-04 오후 4:00:55] EasyFee Kill
[2021-05-04 오후 4:02:59] iNervMCS Kill
[2021-05-04 오후 4:02:59] EasyFee Kill
[2021-05-04 오후 4:03:18] iNervMCS Kill
[2021-05-04 오후 4:03:18] EasyFee Kill
[2021-05-04 오후 4:08:36] iNervMCS Kill
[2021-05-04 오후 4:08:36] EasyFee Kill
[2021-05-04 오후 4:09:09] iNervMCS Kill
[2021-05-04 오후 4:09:09] EasyFee Kill
[2021-05-04 오후 4:09:33] iNervMCS Kill
[2021-05-04 오후 4:09:33] EasyFee Kill
[2021-05-04 오후 4:11:13] iNervMCS Kill
[2021-05-04 오후 4:11:13] EasyFee Kill
[2021-05-04 오후 4:14:00] iNervMCS Kill
[2021-05-04 오후 4:14:00] EasyFee Kill
[2021-05-04 오후 4:14:28] iNervMCS Kill
[2021-05-04 오후 4:14:28] EasyFee Kill
[2021-05-04 오후 4:14:57] iNervMCS Kill
[2021-05-04 오후 4:14:57] EasyFee Kill
[2021-05-04 오후 4:15:28] iNervMCS Kill
[2021-05-04 오후 4:15:28] EasyFee Kill
[2021-05-04 오후 4:16:11] iNervMCS Kill
[2021-05-04 오후 4:16:11] EasyFee Kill
[2021-05-04 오후 4:26:34] iNervMCS Kill
[2021-05-04 오후 4:26:34] EasyFee Kill
[2021-05-04 오후 4:26:58] iNervMCS Kill
[2021-05-04 오후 4:26:58] EasyFee Kill
[2021-05-04 오후 4:27:53] iNervMCS Kill
[2021-05-04 오후 4:27:53] EasyFee Kill
[2021-05-04 오후 6:25:10] YourPhone Kill
[2021-05-04 오후 6:25:27] iNervMCS Kill
[2021-05-04 오후 6:25:27] EasyFee Kill
[2021-05-04 오후 6:27:32] iNervMCS Kill
[2021-05-04 오후 6:27:32] EasyFee Kill
[2021-05-04 오후 6:37:01] iNervMCS Kill
[2021-05-04 오후 6:37:01] EasyFee Kill
[2021-05-04 오후 6:37:28] iNervMCS Kill
[2021-05-04 오후 6:37:28] EasyFee Kill
[2021-05-04 오후 6:38:18] iNervMCS Kill
[2021-05-04 오후 6:38:18] EasyFee Kill
[2021-05-04 오후 6:38:34] iNervMCS Kill
[2021-05-04 오후 6:38:34] EasyFee Kill
[2021-05-04 오후 6:38:49] iNervMCS Kill
[2021-05-04 오후 6:38:49] EasyFee Kill
[2021-05-04 오후 6:41:14] iNervMCS Kill
[2021-05-04 오후 6:41:15] EasyFee Kill
[2021-05-04 오후 6:42:45] iNervMCS Kill
[2021-05-04 오후 6:42:45] EasyFee Kill
