[2021-05-06 오전 8:58:56] iNervMCS Run
[2021-05-06 오전 8:58:57] EasyFee Run
[2021-05-06 오전 9:00:51] iNervMCS Run
[2021-05-06 오전 9:00:51] EasyFee Run
[2021-05-06 오전 9:12:54] iNervMCS Run
[2021-05-06 오전 9:12:54] EasyFee Run
[2021-05-06 오전 9:30:43] iNervMCS Run
[2021-05-06 오전 9:30:43] EasyFee Run
[2021-05-06 오전 9:33:58] iNervMCS Run
[2021-05-06 오전 9:33:58] EasyFee Run
[2021-05-06 오전 9:34:42] iNervMCS Run
[2021-05-06 오전 9:34:42] EasyFee Run
[2021-05-06 오전 9:37:27] iNervMCS Run
[2021-05-06 오전 9:37:27] EasyFee Run
[2021-05-06 오전 9:37:52] iNervMCS Run
[2021-05-06 오전 9:37:52] EasyFee Run
[2021-05-06 오전 9:38:46] iNervMCS Run
[2021-05-06 오전 9:38:46] EasyFee Run
[2021-05-06 오전 9:39:12] iNervMCS Run
[2021-05-06 오전 9:39:12] EasyFee Run
[2021-05-06 오전 9:41:46] iNervMCS Run
[2021-05-06 오전 9:41:46] EasyFee Run
[2021-05-06 오전 9:55:24] iNervMCS Run
[2021-05-06 오전 9:55:24] EasyFee Run
[2021-05-06 오전 9:55:42] iNervMCS Run
[2021-05-06 오전 9:55:42] EasyFee Run
[2021-05-06 오전 10:01:17] iNervMCS Run
[2021-05-06 오전 10:01:17] EasyFee Run
[2021-05-06 오전 10:05:56] iNervMCS Run
[2021-05-06 오전 10:05:56] EasyFee Run
[2021-05-06 오전 10:07:15] iNervMCS Run
[2021-05-06 오전 10:07:15] EasyFee Run
[2021-05-06 오전 10:30:52] iNervMCS Run
[2021-05-06 오전 10:30:56] EasyFee Run
[2021-05-06 오전 10:37:58] iNervMCS Run
[2021-05-06 오전 10:37:58] EasyFee Run
[2021-05-06 오전 10:38:46] iNervMCS Run
[2021-05-06 오전 10:38:46] EasyFee Run
[2021-05-06 오전 10:39:59] iNervMCS Run
[2021-05-06 오전 10:41:03] iNervMCS Run
[2021-05-06 오전 10:41:03] EasyFee Run
[2021-05-06 오전 10:41:46] iNervMCS Run
[2021-05-06 오전 10:41:50] EasyFee Run
[2021-05-06 오전 10:41:56] EasyFee Run
[2021-05-06 오전 10:42:00] EasyFee Run
[2021-05-06 오전 10:42:06] iNervMCS Run
[2021-05-06 오전 10:43:02] iNervMCS Run
[2021-05-06 오전 10:43:11] EasyFee Run
[2021-05-06 오전 10:43:11] EasyFee Run
[2021-05-06 오전 10:43:13] EasyFee Run
[2021-05-06 오전 10:43:14] EasyFee Run
[2021-05-06 오전 10:43:15] EasyFee Run
[2021-05-06 오전 10:44:05] EasyFee Run
[2021-05-06 오전 10:44:07] EasyFee Run
[2021-05-06 오전 10:44:09] EasyFee Run
[2021-05-06 오전 10:46:19] iNervMCS Run
[2021-05-06 오전 10:46:19] EasyFee Run
[2021-05-06 오전 10:46:20] EasyFee Run
[2021-05-06 오전 10:46:22] EasyFee Run
[2021-05-06 오전 10:48:32] EasyFee Run
[2021-05-06 오전 10:48:33] EasyFee Run
[2021-05-06 오전 10:49:54] iNervMCS Run
[2021-05-06 오전 10:50:50] iNervMCS 없음
[2021-05-06 오전 10:50:52] iNervMCS 없음
[2021-05-06 오전 10:50:54] iNervMCS 없음
[2021-05-06 오전 10:50:56] iNervMCS 없음
[2021-05-06 오전 10:51:17] EasyFee 없음
[2021-05-06 오전 10:51:19] EasyFee 없음
[2021-05-06 오전 10:51:21] EasyFee 없음
[2021-05-06 오전 10:52:36] EasyFee 없음
[2021-05-06 오전 10:52:38] EasyFee 없음
[2021-05-06 오전 11:21:27] iNervMCS Run
[2021-05-06 오전 11:21:28] EasyFee Run
[2021-05-06 오전 11:23:33] iNervMCS Run
[2021-05-06 오전 11:23:33] EasyFee Run
[2021-05-06 오전 11:25:24] iNervMCS Run
[2021-05-06 오전 11:25:25] EasyFee Run
[2021-05-06 오전 11:26:31] iNervMCS Run
[2021-05-06 오전 11:26:32] EasyFee Run
[2021-05-06 오전 11:30:36] iNervMCS Run
[2021-05-06 오전 11:30:37] EasyFee Run
[2021-05-06 오전 11:31:00] iNervMCS Run
[2021-05-06 오전 11:31:00] EasyFee Run
[2021-05-06 오전 11:31:39] iNervMCS Run
[2021-05-06 오전 11:31:39] EasyFee Run
[2021-05-06 오전 11:32:01] iNervMCS Run
[2021-05-06 오전 11:32:01] EasyFee Run
[2021-05-06 오전 11:33:53] iNervMCS Run
[2021-05-06 오전 11:33:53] EasyFee Run
[2021-05-06 오전 11:37:48] iNervMCS Run
[2021-05-06 오전 11:37:48] EasyFee Run
[2021-05-06 오전 11:39:41] iNervMCS Run
[2021-05-06 오전 11:39:57] iNervMCS Run
[2021-05-06 오전 11:39:59] EasyFee Run
[2021-05-06 오전 11:40:23] iNervMCS Run
[2021-05-06 오전 11:40:29] EasyFee Run
[2021-05-06 오전 11:40:53] iNervMCS Run
[2021-05-06 오전 11:41:29] iNervMCS Run
[2021-05-06 오전 11:41:45] iNervMCS Run
[2021-05-06 오전 11:42:00] iNervMCS Run
[2021-05-06 오전 11:43:47] iNervMCS Run
[2021-05-06 오후 1:42:03] iNervMCS Run
[2021-05-06 오후 1:42:03] EasyFee Run
[2021-05-06 오후 1:48:56] iNervMCS Run
[2021-05-06 오후 1:50:48] iNervMCS Run
[2021-05-06 오후 1:50:48] EasyFee Run
[2021-05-06 오후 1:51:05] iNervMCS Run
[2021-05-06 오후 1:51:05] EasyFee Run
[2021-05-06 오후 1:51:57] iNervMCS Run
[2021-05-06 오후 1:51:57] EasyFee Run
[2021-05-06 오후 1:52:11] iNervMCS Run
[2021-05-06 오후 1:52:11] EasyFee Run
[2021-05-06 오후 1:55:41] iNervMCS Run
[2021-05-06 오후 1:56:05] iNervMCS Run
[2021-05-06 오후 1:56:43] iNervMCS Run
[2021-05-06 오후 1:56:55] iNervMCS Run
[2021-05-06 오후 1:58:04] iNervMCS Run
[2021-05-06 오후 1:58:08] EasyFee Run
[2021-05-06 오후 2:00:59] iNervMCS Run
[2021-05-06 오후 2:01:21] iNervMCS Run
[2021-05-06 오후 2:01:22] EasyFee Run
[2021-05-06 오후 2:01:51] iNervMCS Run
[2021-05-06 오후 2:01:52] EasyFee Run
[2021-05-06 오후 2:02:08] iNervMCS Run
[2021-05-06 오후 2:02:08] EasyFee Run
[2021-05-06 오후 2:02:22] iNervMCS Run
[2021-05-06 오후 2:02:22] EasyFee Run
[2021-05-06 오후 2:02:44] iNervMCS Run
[2021-05-06 오후 2:02:44] EasyFee Run
[2021-05-06 오후 2:03:55] iNervMCS Run
[2021-05-06 오후 2:03:55] EasyFee Run
[2021-05-06 오후 2:04:37] iNervMCS Run
[2021-05-06 오후 2:04:37] EasyFee Run
[2021-05-06 오후 2:10:52] iNervMCS Run
[2021-05-06 오후 2:10:52] EasyFee Run
[2021-05-06 오후 2:11:05] iNervMCS Run
[2021-05-06 오후 2:11:05] EasyFee Run
[2021-05-06 오후 2:12:19] iNervMCS Run
[2021-05-06 오후 2:12:19] EasyFee Run
[2021-05-06 오후 2:13:00] iNervMCS Run
[2021-05-06 오후 2:13:01] EasyFee Run
[2021-05-06 오후 2:13:29] iNervMCS Run
[2021-05-06 오후 2:13:30] EasyFee Run
[2021-05-06 오후 2:14:15] iNervMCS Run
[2021-05-06 오후 2:14:15] EasyFee Run
[2021-05-06 오후 2:14:30] iNervMCS Run
[2021-05-06 오후 2:14:30] EasyFee Run
[2021-05-06 오후 2:14:47] iNervMCS Run
[2021-05-06 오후 2:14:47] EasyFee Run
[2021-05-06 오후 2:15:30] iNervMCS Run
[2021-05-06 오후 2:15:33] EasyFee Run
[2021-05-06 오후 2:15:47] iNervMCS Run
[2021-05-06 오후 2:19:12] iNervMCS Run
[2021-05-06 오후 2:19:14] EasyFee Run
[2021-05-06 오후 2:19:28] iNervMCS Run
[2021-05-06 오후 2:19:33] EasyFee Run
[2021-05-06 오후 2:19:34] EasyFee Run
[2021-05-06 오후 2:20:01] iNervMCS Run
[2021-05-06 오후 2:20:02] EasyFee Run
[2021-05-06 오후 2:20:42] iNervMCS Run
[2021-05-06 오후 2:20:43] EasyFee Run
[2021-05-06 오후 2:20:58] iNervMCS Run
[2021-05-06 오후 2:20:58] EasyFee Run
[2021-05-06 오후 2:22:38] iNervMCS Run
[2021-05-06 오후 2:22:38] EasyFee Run
[2021-05-06 오후 2:22:59] iNervMCS Run
[2021-05-06 오후 2:22:59] EasyFee Run
[2021-05-06 오후 2:25:57] iNervMCS Run
[2021-05-06 오후 2:25:57] EasyFee Run
[2021-05-06 오후 2:26:08] iNervMCS Run
[2021-05-06 오후 2:26:08] EasyFee Run
[2021-05-06 오후 2:27:33] iNervMCS Run
[2021-05-06 오후 2:27:34] EasyFee Run
[2021-05-06 오후 2:45:12] iNervMCS Run
[2021-05-06 오후 2:45:12] EasyFee Run
[2021-05-06 오후 2:46:28] iNervMCS Run
[2021-05-06 오후 2:46:28] EasyFee Run
[2021-05-06 오후 2:47:12] iNervMCS Run
[2021-05-06 오후 2:47:13] EasyFee Run
[2021-05-06 오후 2:47:55] iNervMCS Run
[2021-05-06 오후 2:47:55] EasyFee Run
[2021-05-06 오후 2:48:44] iNervMCS Run
[2021-05-06 오후 2:48:44] EasyFee Run
[2021-05-06 오후 2:51:01] iNervMCS Run
[2021-05-06 오후 2:51:01] EasyFee Run
[2021-05-06 오후 2:51:40] iNervMCS Run
[2021-05-06 오후 2:51:40] EasyFee Run
[2021-05-06 오후 2:52:31] iNervMCS Run
[2021-05-06 오후 2:52:31] EasyFee Run
[2021-05-06 오후 2:52:40] iNervMCS Run
[2021-05-06 오후 2:52:40] EasyFee Run
[2021-05-06 오후 2:53:48] iNervMCS Run
[2021-05-06 오후 2:54:20] iNervMCS Run
[2021-05-06 오후 2:54:20] EasyFee Run
[2021-05-06 오후 3:02:35] iNervMCS Run
[2021-05-06 오후 3:02:36] EasyFee Run
[2021-05-06 오후 3:03:19] iNervMCS Run
[2021-05-06 오후 3:03:19] EasyFee Run
[2021-05-06 오후 3:32:36] iNervMCS Run
[2021-05-06 오후 3:32:36] EasyFee Run
[2021-05-06 오후 3:32:48] iNervMCS Run
[2021-05-06 오후 3:32:48] EasyFee Run
[2021-05-06 오후 3:52:50] iNervMCS Run
[2021-05-06 오후 3:52:50] EasyFee Run
[2021-05-06 오후 4:34:13] iNervMCS Run
[2021-05-06 오후 6:24:09] iNervMCS Run
[2021-05-06 오후 6:24:10] EasyFee Run
[2021-05-06 오후 6:24:56] iNervMCS Run
[2021-05-06 오후 6:24:57] EasyFee Run
[2021-05-06 오후 6:25:22] iNervMCS Run
[2021-05-06 오후 6:25:23] EasyFee Run
[2021-05-06 오후 6:25:39] iNervMCS Run
[2021-05-06 오후 6:25:39] EasyFee Run
[2021-05-06 오후 6:25:46] iNervMCS Run
[2021-05-06 오후 6:25:46] EasyFee Run
[2021-05-06 오후 6:25:57] iNervMCS Run
[2021-05-06 오후 6:25:57] EasyFee Run
[2021-05-06 오후 6:26:34] iNervMCS Run
[2021-05-06 오후 6:26:34] EasyFee Run
[2021-05-06 오후 6:26:53] iNervMCS Run
[2021-05-06 오후 6:26:53] EasyFee Run
[2021-05-06 오후 6:27:12] iNervMCS Run
[2021-05-06 오후 6:28:51] iNervMCS Run
[2021-05-06 오후 6:29:21] iNervMCS Run
[2021-05-06 오후 6:29:23] EasyFee Run
[2021-05-06 오후 6:29:34] iNervMCS Run
[2021-05-06 오후 6:30:01] iNervMCS Run
[2021-05-06 오후 6:30:03] EasyFee Run
[2021-05-06 오후 6:30:57] iNervMCS Run
[2021-05-06 오후 6:31:33] iNervMCS Run
[2021-05-06 오후 6:32:58] iNervMCS Run
[2021-05-06 오후 6:32:58] EasyFee Run
[2021-05-06 오후 6:33:15] iNervMCS Run
[2021-05-06 오후 6:34:11] iNervMCS Run
[2021-05-06 오후 6:38:41] iNervMCS Run
[2021-05-06 오후 6:38:42] EasyFee Run
[2021-05-06 오후 6:39:04] iNervMCS Run
[2021-05-06 오후 6:39:05] EasyFee Run
[2021-05-06 오후 6:46:46] iNervMCS Run
[2021-05-06 오후 6:46:47] EasyFee Run
[2021-05-06 오후 6:47:48] iNervMCS Run
[2021-05-06 오후 6:48:36] iNervMCS Run
[2021-05-06 오후 6:49:34] iNervMCS Run
[2021-05-06 오후 6:54:01] iNervMCS Run
[2021-05-06 오후 6:56:30] iNervMCS Run
[2021-05-06 오후 6:59:27] iNervMCS Run
[2021-05-06 오후 6:59:27] EasyFee Run
[2021-05-06 오후 6:59:35] iNervMCS Run
[2021-05-06 오후 7:04:08] iNervMCS Run
[2021-05-06 오후 7:04:08] EasyFee Run
[2021-05-06 오후 7:04:31] iNervMCS Run
[2021-05-06 오후 7:04:31] EasyFee Run
[2021-05-06 오후 7:05:53] iNervMCS Run
[2021-05-06 오후 7:05:54] EasyFee Run
[2021-05-06 오후 7:06:06] EasyFee Run
[2021-05-06 오후 7:06:29] iNervMCS Run
[2021-05-06 오후 7:07:38] iNervMCS Run
[2021-05-06 오후 7:07:38] EasyFee Run
[2021-05-06 오후 7:13:02] iNervMCS Run
[2021-05-06 오후 7:13:02] EasyFee Run
[2021-05-06 오후 7:13:52] iNervMCS Run
[2021-05-06 오후 7:13:53] EasyFee Run
[2021-05-06 오후 7:25:26] iNervMCS Run
[2021-05-06 오후 7:25:26] EasyFee Run
[2021-05-06 오후 7:31:59] iNervMCS Run
[2021-05-06 오후 7:31:59] EasyFee Run
[2021-05-06 오후 7:36:50] iNervMCS Run
[2021-05-06 오후 7:36:50] EasyFee Run
[2021-05-06 오후 7:42:12] iNervMCS Run
[2021-05-06 오후 7:42:12] EasyFee Run
[2021-05-06 오후 7:43:58] iNervMCS Run
[2021-05-06 오후 7:43:58] EasyFee Run
[2021-05-06 오후 7:45:33] iNervMCS Run
[2021-05-06 오후 7:45:33] EasyFee Run
[2021-05-06 오후 7:47:49] iNervMCS Run
[2021-05-06 오후 7:47:50] EasyFee Run
[2021-05-06 오후 7:51:52] iNervMCS Run
[2021-05-06 오후 7:51:53] EasyFee Run
[2021-05-06 오후 7:54:56] iNervMCS Run
[2021-05-06 오후 7:54:57] EasyFee Run
[2021-05-06 오후 7:55:20] iNervMCS Run
[2021-05-06 오후 7:55:20] EasyFee Run
