[2021-04-16 오전 11:22:17] AnySign4PC 추가
[2021-04-16 오전 11:22:17] RuntimeBroker 추가
[2021-04-16 오전 11:22:18] AnySign4PC Kill
[2021-04-16 오전 11:22:18] RuntimeBroker Kill
[2021-04-16 오전 11:22:18] RuntimeBroker Kill
[2021-04-16 오전 11:22:18] RuntimeBroker Kill
[2021-04-16 오전 11:22:18] RuntimeBroker Kill
[2021-04-16 오전 11:22:18] RuntimeBroker Kill
[2021-04-16 오전 11:22:18] RuntimeBroker Kill
[2021-04-16 오전 11:28:29] AnySign4PC 삭제
[2021-04-16 오전 11:28:30] RuntimeBroker 삭제
[2021-04-16 오전 11:30:03] AnySign4PCLauncher 추가
[2021-04-16 오전 11:30:08]  삭제
[2021-04-16 오전 11:30:09]  삭제
[2021-04-16 오전 11:30:09]  삭제
[2021-04-16 오전 11:30:09]  삭제
[2021-04-16 오전 11:30:10]  삭제
[2021-04-16 오전 11:30:10]  삭제
[2021-04-16 오전 11:30:10]  삭제
[2021-04-16 오전 11:30:11]  삭제
[2021-04-16 오전 11:30:11]  삭제
[2021-04-16 오후 2:36:22]  삭제
[2021-04-16 오후 2:36:22]  삭제
[2021-04-16 오후 2:36:23]  삭제
[2021-04-16 오후 2:36:30]  삭제
[2021-04-16 오후 2:36:30]  삭제
[2021-04-16 오후 2:36:30]  삭제
[2021-04-16 오후 2:36:30]  삭제
[2021-04-16 오후 2:36:36] AnySign4PCLauncher 삭제
[2021-04-16 오후 2:36:59] AnySign4PCLauncher 추가
[2021-04-16 오후 2:37:00] AnySign4PCLauncher 삭제
[2021-04-16 오후 2:37:04] AnySign4PCLauncher 추가
[2021-04-16 오후 2:37:06] AnySign4PCLauncher 삭제
[2021-04-16 오후 2:37:10] AnySign4PCLauncher 추가
[2021-04-16 오후 2:37:13] AnySign4PCLauncher 삭제
[2021-04-16 오후 2:37:31] iNervMCS 추가
[2021-04-16 오후 2:37:31] AnySign4PCLauncher 추가
[2021-04-16 오후 2:37:33] iNervMCS Kill
[2021-04-16 오후 2:37:37] iNervMCS Kill
[2021-04-16 오후 2:37:40] iNervMCS 삭제
[2021-04-16 오후 2:37:42] AnySign4PCLauncher 삭제
[2021-04-16 오후 2:38:06] ScriptedSandbox64 추가
[2021-04-16 오후 2:38:08] ScriptedSandbox64 Kill
[2021-04-16 오후 2:38:08] ScriptedSandbox64 Kill
[2021-04-16 오후 2:38:08] ScriptedSandbox64 Kill
[2021-04-16 오후 2:38:10] ScriptedSandbox64 Kill
[2021-04-16 오후 2:38:14]  삭제
[2021-04-16 오후 2:38:15]  삭제
[2021-04-16 오후 2:38:15]  삭제
[2021-04-16 오후 2:38:16]  삭제
[2021-04-16 오후 2:38:18] ScriptedSandbox64 삭제
[2021-04-16 오후 2:38:22] ScriptedSandbox64 추가
[2021-04-16 오후 2:38:24] ScriptedSandbox64 삭제
[2021-04-16 오후 2:40:49] RuntimeBroker 추가
[2021-04-16 오후 2:40:49] RuntimeBroker Kill
[2021-04-16 오후 2:40:49] RuntimeBroker Kill
[2021-04-16 오후 2:40:49] RuntimeBroker Kill
[2021-04-16 오후 2:40:49] RuntimeBroker Kill
[2021-04-16 오후 2:40:49] RuntimeBroker Kill
[2021-04-16 오후 2:40:49] RuntimeBroker Kill
[2021-04-16 오후 2:41:25] iNervMCS.exe 삭제
[2021-04-16 오후 2:41:31] iNervMCS.exe 삭제
[2021-04-16 오후 2:41:31] iNervMCS.exe 삭제
[2021-04-16 오후 2:41:32] iNervMCS.exe 삭제
[2021-04-16 오후 2:41:33] iNervMCS.exe 삭제
[2021-04-16 오후 2:41:34] iNervMCS.exe 삭제
[2021-04-16 오후 2:41:35] RuntimeBroker 삭제
[2021-04-16 오후 2:42:49] WinStore.App 추가
[2021-04-16 오후 2:42:49] WinStore.App Kill
[2021-04-16 오후 2:43:21] WinStore.App 삭제
[2021-04-16 오후 2:43:57] iNervMCS 추가
[2021-04-16 오후 2:43:57] ScriptedSandbox64 추가
[2021-04-16 오후 2:43:58] iNervMCS Kill
[2021-04-16 오후 2:43:58] ScriptedSandbox64 Kill
[2021-04-16 오후 2:44:00] ScriptedSandbox64 Kill
[2021-04-16 오후 2:44:05] iNervMCS 삭제
[2021-04-16 오후 2:44:07] ScriptedSandbox64 삭제
[2021-04-16 오후 2:44:20] iNervMCS 추가
[2021-04-16 오후 2:44:20] ScriptedSandbox64 추가
[2021-04-16 오후 2:44:22] iNervMCS 삭제
[2021-04-16 오후 2:44:24] ScriptedSandbox64 삭제
[2021-04-16 오후 2:44:26] iNervMCS 추가
[2021-04-16 오후 2:44:26] iNervMCS Kill
[2021-04-16 오후 2:44:27] iNervMCS 삭제
[2021-04-16 오후 2:44:59] SecurityHealthService 추가
[2021-04-16 오후 2:45:28] iNervMCS.exe 삭제
[2021-04-16 오후 2:45:30] iNervMCS.exe 삭제
[2021-04-16 오후 2:48:13] g2brun 추가
[2021-04-16 오후 2:48:13] iNervMCS 추가
[2021-04-16 오후 2:48:14] g2brun Kill
[2021-04-16 오후 2:48:14] iNervMCS Kill
[2021-04-16 오후 2:48:14] SecurityHealthService 삭제
[2021-04-16 오후 2:48:15] g2brun 삭제
[2021-04-16 오후 2:48:16] iNervMCS 삭제
[2021-04-16 오후 2:48:24] OfficeClickToRun 추가
[2021-04-16 오후 2:48:24] iNervMCS 추가
[2021-04-16 오후 2:48:26] iNervMCS Kill
[2021-04-16 오후 2:48:30] iNervMCS Kill
[2021-04-16 오후 2:48:34] iNervMCS Kill
[2021-04-16 오후 2:48:38] iNervMCS Kill
[2021-04-16 오후 2:48:42] iNervMCS Kill
[2021-04-16 오후 2:48:46] iNervMCS Kill
[2021-04-16 오후 2:48:48] iNervMCS Kill
[2021-04-16 오후 2:48:52] iNervMCS Kill
[2021-04-16 오후 2:48:56] iNervMCS Kill
[2021-04-16 오후 2:49:00] iNervMCS Kill
[2021-04-16 오후 2:49:04] iNervMCS Kill
[2021-04-16 오후 2:49:06] iNervMCS Kill
[2021-04-16 오후 2:49:10] iNervMCS Kill
[2021-04-16 오후 2:49:43] iNervMCS Kill
[2021-04-16 오후 2:49:47] iNervMCS Kill
[2021-04-16 오후 2:49:51] iNervMCS Kill
[2021-04-16 오후 2:49:55] iNervMCS Kill
[2021-04-16 오후 2:49:59] iNervMCS Kill
[2021-04-16 오후 2:50:03] iNervMCS Kill
[2021-04-16 오후 2:50:05] ScriptedSandbox64 추가
[2021-04-16 오후 2:50:05] ScriptedSandbox64 Kill
[2021-04-16 오후 2:50:07] iNervMCS Kill
[2021-04-16 오후 2:50:07] ScriptedSandbox64 Kill
[2021-04-16 오후 2:50:08] ScriptedSandbox64 삭제
[2021-04-16 오후 2:50:08] ScriptedSandbox64 삭제
[2021-04-16 오후 2:50:09] ScriptedSandbox64 삭제
[2021-04-16 오후 2:50:09] ScriptedSandbox64 삭제
[2021-04-16 오후 2:50:09] ScriptedSandbox64 삭제
[2021-04-16 오후 2:50:10] ScriptedSandbox64 삭제
[2021-04-16 오후 2:50:10] ScriptedSandbox64 삭제
[2021-04-16 오후 2:50:10] ScriptedSandbox64 삭제
[2021-04-16 오후 2:50:10] ScriptedSandbox64 삭제
[2021-04-16 오후 2:50:10] ScriptedSandbox64 삭제
[2021-04-16 오후 2:50:11] iNervMCS Kill
[2021-04-16 오후 2:50:15] iNervMCS Kill
[2021-04-16 오후 2:50:19] iNervMCS Kill
[2021-04-16 오후 2:50:23] iNervMCS Kill
[2021-04-16 오후 2:50:49] iNervMCS Kill
[2021-04-16 오후 2:50:53] iNervMCS Kill
[2021-04-16 오후 2:50:57] iNervMCS Kill
[2021-04-16 오후 2:51:01] iNervMCS Kill
[2021-04-16 오후 2:51:03] POWERPNT 추가
[2021-04-16 오후 2:51:03] POWERPNT Kill
[2021-04-16 오후 2:51:03] POWERPNT Kill
[2021-04-16 오후 2:51:05] iNervMCS Kill
[2021-04-16 오후 2:51:08] POWERPNT 삭제
[2021-04-16 오후 2:51:09] iNervMCS Kill
[2021-04-16 오후 2:51:13] iNervMCS Kill
[2021-04-16 오후 2:51:15] OfficeClickToRun 삭제
[2021-04-16 오후 2:51:17] iNervMCS Kill
[2021-04-16 오후 2:51:21] iNervMCS Kill
[2021-04-16 오후 2:51:25] iNervMCS Kill
[2021-04-16 오후 2:51:29] iNervMCS Kill
[2021-04-16 오후 2:51:33] iNervMCS Kill
[2021-04-16 오후 2:51:37] iNervMCS Kill
[2021-04-16 오후 2:51:41] smartscreen 추가
[2021-04-16 오후 2:51:41] OfficeClickToRun 추가
[2021-04-16 오후 2:51:41] YourPhone 추가
[2021-04-16 오후 2:51:41] iNervMCS Kill
[2021-04-16 오후 2:51:41] smartscreen Kill
[2021-04-16 오후 2:51:41] YourPhone Kill
[2021-04-16 오후 2:51:43] iNervMCS Kill
[2021-04-16 오후 2:51:44] OfficeClickToRun 삭제
[2021-04-16 오후 2:51:45] iNervMCS Kill
[2021-04-16 오후 2:51:49] iNervMCS Kill
[2021-04-16 오후 2:52:01] iNervMCS Kill
[2021-04-16 오후 2:53:19] iNervMCS Kill
[2021-04-16 오후 2:53:23] iNervMCS Kill
[2021-04-16 오후 2:53:29] iNervMCS Kill
[2021-04-16 오후 2:54:11] iNervMCS Kill
[2021-04-16 오후 2:54:11] smartscreen Kill
[2021-04-16 오후 2:54:15] iNervMCS Kill
[2021-04-16 오후 2:54:19] iNervMCS Kill
[2021-04-16 오후 2:54:23] iNervMCS Kill
[2021-04-16 오후 2:54:27] iNervMCS Kill
[2021-04-16 오후 2:54:35] iNervMCS Kill
[2021-04-16 오후 2:54:39] iNervMCS Kill
[2021-04-16 오후 2:54:43] iNervMCS Kill
[2021-04-16 오후 2:56:55] iNervMCS Kill
[2021-04-16 오후 2:59:46] iNervMCS Kill
[2021-04-16 오후 2:59:50] iNervMCS Kill
[2021-04-16 오후 2:59:54] iNervMCS Kill
[2021-04-16 오후 2:59:58] iNervMCS Kill
[2021-04-16 오후 3:00:02] iNervMCS Kill
[2021-04-16 오후 3:00:06] iNervMCS Kill
[2021-04-16 오후 3:00:07] iNervMCS 삭제
[2021-04-16 오후 3:16:44] smartscreen Kill
