[2021-04-16 오전 11:28:34] iNervMCS.exe 추가
[2021-04-16 오전 11:28:35] iNervMCS Run
[2021-04-16 오전 11:28:40] iNervMCS.exe 삭제
[2021-04-16 오전 11:28:41] iNervMCS.exe 삭제
[2021-04-16 오전 11:28:42] iNervMCS.exe 삭제
[2021-04-16 오전 11:28:42] iNervMCS.exe 삭제
[2021-04-16 오전 11:28:43] iNervMCS.exe 삭제
[2021-04-16 오전 11:28:43] iNervMCS.exe 삭제
[2021-04-16 오전 11:28:43] iNervMCS.exe 삭제
[2021-04-16 오전 11:28:44] iNervMCS.exe 삭제
[2021-04-16 오전 11:28:44] iNervMCS.exe 삭제
[2021-04-16 오전 11:28:44] iNervMCS.exe 삭제
[2021-04-16 오전 11:28:44] iNervMCS.exe 삭제
[2021-04-16 오전 11:28:44] iNervMCS.exe 삭제
[2021-04-16 오전 11:28:45] iNervMCS.exe 삭제
[2021-04-16 오전 11:28:45] iNervMCS.exe 삭제
[2021-04-16 오전 11:28:45] iNervMCS.exe 삭제
[2021-04-16 오전 11:28:45] iNervMCS.exe 삭제
[2021-04-16 오전 11:28:45] iNervMCS.exe 삭제
[2021-04-16 오전 11:28:46] iNervMCS.exe 삭제
[2021-04-16 오전 11:28:46] iNervMCS.exe 삭제
[2021-04-16 오전 11:28:46] iNervMCS.exe 삭제
[2021-04-16 오전 11:28:51] iNervMCS.exe 삭제
[2021-04-16 오전 11:29:17] iNervMCS.exe 추가
[2021-04-16 오전 11:29:18] iNervMCS.exe 삭제
[2021-04-16 오후 2:36:20]  삭제
[2021-04-16 오후 2:36:21]  삭제
[2021-04-16 오후 2:36:21]  삭제
[2021-04-16 오후 2:36:32] iNervMCS.exe 삭제
[2021-04-16 오후 2:37:35] iNervMCS.exe 추가
[2021-04-16 오후 2:37:35] iNervMCS Run
[2021-04-16 오후 2:37:36] iNervMCS.exe 삭제
[2021-04-16 오후 2:37:39] iNervMCS.exe 추가
[2021-04-16 오후 2:37:39] iNervMCS Run
[2021-04-16 오후 2:37:58]  삭제
[2021-04-16 오후 2:37:58]  삭제
[2021-04-16 오후 2:37:59]  삭제
[2021-04-16 오후 2:37:59]  삭제
[2021-04-16 오후 2:38:27] ScriptedSandbox64 삭제
[2021-04-16 오후 2:38:29] iNervMCS.exe 삭제
[2021-04-16 오후 2:40:40] iNervMCS.exe 추가
[2021-04-16 오후 2:41:29] iNervMCS.exe 삭제
[2021-04-16 오후 2:41:30] iNervMCS.exe 삭제
[2021-04-16 오후 2:43:31] iNervMCS.exe 삭제
[2021-04-16 오후 2:44:03] iNervMCS.exe 추가
[2021-04-16 오후 2:44:04] iNervMCS Run
[2021-04-16 오후 2:44:11] iNervMCS.exe 삭제
[2021-04-16 오후 2:44:53] iNervMCS.exe 추가
[2021-04-16 오후 2:44:53] iNervMCS Run
[2021-04-16 오후 2:48:16] iNervMCS Run
[2021-04-16 오후 2:48:28] iNervMCS Run
[2021-04-16 오후 2:48:32] iNervMCS Run
[2021-04-16 오후 2:48:36] iNervMCS Run
[2021-04-16 오후 2:48:40] iNervMCS Run
[2021-04-16 오후 2:48:44] iNervMCS Run
[2021-04-16 오후 2:48:46] iNervMCS Run
[2021-04-16 오후 2:48:50] iNervMCS Run
[2021-04-16 오후 2:48:54] iNervMCS Run
[2021-04-16 오후 2:48:58] iNervMCS Run
[2021-04-16 오후 2:49:02] iNervMCS Run
[2021-04-16 오후 2:49:04] iNervMCS Run
[2021-04-16 오후 2:49:08] iNervMCS Run
[2021-04-16 오후 2:49:12] iNervMCS Run
[2021-04-16 오후 2:49:45] iNervMCS Run
[2021-04-16 오후 2:49:49] iNervMCS Run
[2021-04-16 오후 2:49:53] iNervMCS Run
[2021-04-16 오후 2:49:57] iNervMCS Run
[2021-04-16 오후 2:50:01] iNervMCS Run
[2021-04-16 오후 2:50:05] iNervMCS Run
[2021-04-16 오후 2:50:09] iNervMCS Run
[2021-04-16 오후 2:50:13] iNervMCS Run
[2021-04-16 오후 2:50:17] iNervMCS Run
[2021-04-16 오후 2:50:21] iNervMCS Run
[2021-04-16 오후 2:50:47] iNervMCS Run
[2021-04-16 오후 2:50:51] iNervMCS Run
[2021-04-16 오후 2:50:55] iNervMCS Run
[2021-04-16 오후 2:50:59] iNervMCS Run
[2021-04-16 오후 2:51:03] iNervMCS Run
[2021-04-16 오후 2:51:07] iNervMCS Run
[2021-04-16 오후 2:51:11] iNervMCS Run
[2021-04-16 오후 2:51:15] iNervMCS Run
[2021-04-16 오후 2:51:19] iNervMCS Run
[2021-04-16 오후 2:51:23] iNervMCS Run
[2021-04-16 오후 2:51:27] iNervMCS Run
[2021-04-16 오후 2:51:31] iNervMCS Run
[2021-04-16 오후 2:51:36] iNervMCS Run
[2021-04-16 오후 2:51:39] iNervMCS Run
[2021-04-16 오후 2:51:41] iNervMCS Run
[2021-04-16 오후 2:51:43] iNervMCS Run
[2021-04-16 오후 2:51:47] iNervMCS Run
[2021-04-16 오후 2:51:51] iNervMCS Run
[2021-04-16 오후 2:53:17] iNervMCS Run
[2021-04-16 오후 2:53:21] iNervMCS Run
[2021-04-16 오후 2:53:27] iNervMCS Run
[2021-04-16 오후 2:53:31] iNervMCS Run
[2021-04-16 오후 2:54:13] iNervMCS Run
[2021-04-16 오후 2:54:17] iNervMCS Run
[2021-04-16 오후 2:54:21] iNervMCS Run
[2021-04-16 오후 2:54:25] iNervMCS Run
[2021-04-16 오후 2:54:27] iNervMCS.exe 삭제
[2021-04-16 오후 2:54:32] iNervMCS.exe 추가
[2021-04-16 오후 2:54:33] iNervMCS Run
[2021-04-16 오후 2:54:37] iNervMCS Run
[2021-04-16 오후 2:54:41] iNervMCS Run
[2021-04-16 오후 2:54:43] iNervMCS Run
[2021-04-16 오후 2:56:57] iNervMCS Run
[2021-04-16 오후 2:59:48] iNervMCS Run
[2021-04-16 오후 2:59:52] iNervMCS Run
[2021-04-16 오후 2:59:56] iNervMCS Run
[2021-04-16 오후 3:00:00] iNervMCS Run
[2021-04-16 오후 3:00:04] iNervMCS Run
[2021-04-16 오후 3:00:08] iNervMCS Run
