[2021-04-15 오전 11:42:21] iNervMCS Kill
[2021-04-15 오전 11:42:25] iNervMCS Kill
[2021-04-15 오전 11:42:29] iNervMCS Kill
[2021-04-15 오전 11:42:33] iNervMCS Kill
[2021-04-15 오전 11:42:33] ScriptedSandbox64 추가
[2021-04-15 오전 11:42:33] YourPhone 추가
[2021-04-15 오전 11:42:35] ScriptedSandbox64 Kill
[2021-04-15 오전 11:42:35] ScriptedSandbox64 Kill
[2021-04-15 오전 11:42:35] YourPhone Kill
[2021-04-15 오전 11:42:37] iNervMCS Kill
[2021-04-15 오전 11:42:37] ScriptedSandbox64 Kill
[2021-04-15 오전 11:42:41] iNervMCS Kill
[2021-04-15 오전 11:42:43] iNervMCS Kill
[2021-04-15 오전 11:46:41] iNervMCS Kill
[2021-04-15 오전 11:46:41] ScriptedSandbox64 Kill
[2021-04-15 오후 3:25:18] ScriptedSandbox64 Kill
[2021-04-15 오후 3:25:18] ScriptedSandbox64 Kill
[2021-04-15 오후 3:25:18] YourPhone Kill
[2021-04-15 오후 3:25:20] iNervMCS Kill
[2021-04-15 오후 3:25:20] ScriptedSandbox64 Kill
[2021-04-15 오후 3:25:51] ScriptedSandbox64 삭제
[2021-04-15 오후 3:25:52] YourPhone 삭제
[2021-04-15 오후 3:27:20] iNervMCS 삭제
